168549
168658
168659
168662
168663
168664
168665
168666
168667
168699
168701
168702
168705
168706
168709
168710
168712
168713
168714
168715
168716
168717
168745
168747
168748
168749
168750
168751
168752
168753
168754
168755
168756
168773
168774
168776
168777
168778
168779
168780
168781
168782
168783
168784
168785
168828
168829
168830
168858
168860
168861
168863
168864
168865
168868
168871
168872
168892
168894
168895
168896
168897
168898
168913
168915
168917
168918
168919
168920
168921
168922
168923
168924
168925
168926
169106
169108
169109
169110
169111
169112
169113
169114
169125
169126
169149
169151
169152
169153
169154
169155
169156
169157
169178
169180
169181
169182
169183
169184
169185
169186
169206
169208
169209
169210
169211
169212
169220
169231
169233
169234
169235
169236
169237
169306
169308
169309
169320
169322
169323
169324
169329
169330
169333
169367
169369
169370
169371
169372
169373
169375
169376
169377
169398
169400
169401
169402
169403
169404
169405
169406
169424
169426
169427
169475
169477
169480
169483
169486
169488
169489
169490
169503
169504
169507
169510
169511
169512
169513
169514
169515
169516
169517
169519
169520
169521
169522
169523
169524
169525
169541
169543
169544
169545
169546
169547
169548
169549
169550
169551
169552
169553
169554
169555
169572
169574
169575
169576
169577
169579
169580
169595
169597
169599
169600
169601
169604
169606
169608
169610
169611
169613
169614
169615
169616
169617
